2025-09-01 07:52:04,595 - __main__ - INFO - 🚀 Starting Clinical Trial Dataset Creation Pipeline...
2025-09-01 07:52:04,595 - __main__ - INFO - 
==================================================
2025-09-01 07:52:04,595 - __main__ - INFO - STEP 1: COLLECTING CLINICAL TRIALS DATA
2025-09-01 07:52:04,595 - __main__ - INFO - ==================================================
2025-09-01 07:52:04,596 - src.data_collectors.clinicaltrials_gov - INFO - Starting data collection, target: 50000 records
2025-09-01 07:52:04,662 - src.data_collectors.clinicaltrials_gov - INFO - Collected 42 valid records, Total: 42
2025-09-01 07:52:05,729 - src.data_collectors.clinicaltrials_gov - INFO - Collected 46 valid records, Total: 88
2025-09-01 07:52:06,794 - src.data_collectors.clinicaltrials_gov - INFO - Collected 38 valid records, Total: 126
2025-09-01 07:52:07,857 - src.data_collectors.clinicaltrials_gov - INFO - Collected 38 valid records, Total: 164
2025-09-01 07:52:08,927 - src.data_collectors.clinicaltrials_gov - INFO - Collected 39 valid records, Total: 203
2025-09-01 07:52:09,994 - src.data_collectors.clinicaltrials_gov - INFO - Collected 37 valid records, Total: 240
2025-09-01 07:52:11,050 - src.data_collectors.clinicaltrials_gov - INFO - Collected 32 valid records, Total: 272
2025-09-01 07:52:12,109 - src.data_collectors.clinicaltrials_gov - INFO - Collected 39 valid records, Total: 311
2025-09-01 07:52:13,174 - src.data_collectors.clinicaltrials_gov - INFO - Collected 38 valid records, Total: 349
2025-09-01 07:52:14,238 - src.data_collectors.clinicaltrials_gov - INFO - Collected 42 valid records, Total: 391
2025-09-01 07:52:15,305 - src.data_collectors.clinicaltrials_gov - INFO - Collected 36 valid records, Total: 427
2025-09-01 07:52:16,373 - src.data_collectors.clinicaltrials_gov - INFO - Collected 33 valid records, Total: 460
2025-09-01 07:52:17,440 - src.data_collectors.clinicaltrials_gov - INFO - Collected 32 valid records, Total: 492
2025-09-01 07:52:18,513 - src.data_collectors.clinicaltrials_gov - INFO - Collected 40 valid records, Total: 532
2025-09-01 07:52:19,586 - src.data_collectors.clinicaltrials_gov - INFO - Collected 31 valid records, Total: 563
2025-09-01 07:52:20,657 - src.data_collectors.clinicaltrials_gov - INFO - Collected 24 valid records, Total: 587
2025-09-01 07:52:21,720 - src.data_collectors.clinicaltrials_gov - INFO - Collected 31 valid records, Total: 618
2025-09-01 07:52:22,822 - src.data_collectors.clinicaltrials_gov - INFO - Collected 28 valid records, Total: 646
2025-09-01 07:52:23,887 - src.data_collectors.clinicaltrials_gov - INFO - Collected 42 valid records, Total: 688
2025-09-01 07:52:24,957 - src.data_collectors.clinicaltrials_gov - INFO - Collected 41 valid records, Total: 729
2025-09-01 07:52:26,018 - src.data_collectors.clinicaltrials_gov - INFO - Collected 36 valid records, Total: 765
2025-09-01 07:52:27,079 - src.data_collectors.clinicaltrials_gov - INFO - Collected 34 valid records, Total: 799
2025-09-01 07:52:28,142 - src.data_collectors.clinicaltrials_gov - INFO - Collected 41 valid records, Total: 840
2025-09-01 07:52:29,207 - src.data_collectors.clinicaltrials_gov - INFO - Collected 27 valid records, Total: 867
2025-09-01 07:52:30,260 - src.data_collectors.clinicaltrials_gov - INFO - Collected 43 valid records, Total: 910
2025-09-01 07:52:31,326 - src.data_collectors.clinicaltrials_gov - INFO - Collected 46 valid records, Total: 956
2025-09-01 07:52:32,404 - src.data_collectors.clinicaltrials_gov - INFO - Collected 34 valid records, Total: 990
2025-09-01 07:52:33,478 - src.data_collectors.clinicaltrials_gov - INFO - Collected 39 valid records, Total: 1029
2025-09-01 07:52:34,547 - src.data_collectors.clinicaltrials_gov - INFO - Collected 32 valid records, Total: 1061
2025-09-01 07:52:35,615 - src.data_collectors.clinicaltrials_gov - INFO - Collected 31 valid records, Total: 1092
2025-09-01 07:52:36,688 - src.data_collectors.clinicaltrials_gov - INFO - Collected 42 valid records, Total: 1134
2025-09-01 07:52:37,748 - src.data_collectors.clinicaltrials_gov - INFO - Collected 43 valid records, Total: 1177
2025-09-01 07:52:38,806 - src.data_collectors.clinicaltrials_gov - INFO - Collected 32 valid records, Total: 1209
2025-09-01 07:52:39,874 - src.data_collectors.clinicaltrials_gov - INFO - Collected 37 valid records, Total: 1246
2025-09-01 07:52:40,954 - src.data_collectors.clinicaltrials_gov - INFO - Collected 44 valid records, Total: 1290
2025-09-01 07:52:42,012 - src.data_collectors.clinicaltrials_gov - INFO - Collected 27 valid records, Total: 1317
2025-09-01 07:52:43,077 - src.data_collectors.clinicaltrials_gov - INFO - Collected 40 valid records, Total: 1357
2025-09-01 07:52:44,170 - src.data_collectors.clinicaltrials_gov - INFO - Collected 30 valid records, Total: 1387
2025-09-01 07:52:45,241 - src.data_collectors.clinicaltrials_gov - INFO - Collected 26 valid records, Total: 1413
2025-09-01 07:52:46,303 - src.data_collectors.clinicaltrials_gov - INFO - Collected 37 valid records, Total: 1450
2025-09-01 07:52:47,371 - src.data_collectors.clinicaltrials_gov - INFO - Collected 31 valid records, Total: 1481
2025-09-01 07:52:48,436 - src.data_collectors.clinicaltrials_gov - INFO - Collected 35 valid records, Total: 1516
2025-09-01 07:52:49,520 - src.data_collectors.clinicaltrials_gov - INFO - Collected 37 valid records, Total: 1553
2025-09-01 07:52:50,581 - src.data_collectors.clinicaltrials_gov - INFO - Collected 33 valid records, Total: 1586
2025-09-01 07:52:51,640 - src.data_collectors.clinicaltrials_gov - INFO - Collected 34 valid records, Total: 1620
2025-09-01 07:52:52,711 - src.data_collectors.clinicaltrials_gov - INFO - Collected 44 valid records, Total: 1664
2025-09-01 07:52:53,775 - src.data_collectors.clinicaltrials_gov - INFO - Collected 37 valid records, Total: 1701
2025-09-01 07:52:54,839 - src.data_collectors.clinicaltrials_gov - INFO - Collected 31 valid records, Total: 1732
2025-09-01 07:52:55,900 - src.data_collectors.clinicaltrials_gov - INFO - Collected 30 valid records, Total: 1762
2025-09-01 07:52:56,967 - src.data_collectors.clinicaltrials_gov - INFO - Collected 43 valid records, Total: 1805
2025-09-01 07:52:58,030 - src.data_collectors.clinicaltrials_gov - INFO - Collected 46 valid records, Total: 1851
2025-09-01 07:52:59,104 - src.data_collectors.clinicaltrials_gov - INFO - Collected 42 valid records, Total: 1893
2025-09-01 07:53:00,178 - src.data_collectors.clinicaltrials_gov - INFO - Collected 36 valid records, Total: 1929
2025-09-01 07:53:01,244 - src.data_collectors.clinicaltrials_gov - INFO - Collected 34 valid records, Total: 1963
2025-09-01 07:53:02,316 - src.data_collectors.clinicaltrials_gov - INFO - Collected 32 valid records, Total: 1995
2025-09-01 07:53:03,386 - src.data_collectors.clinicaltrials_gov - INFO - Collected 41 valid records, Total: 2036
2025-09-01 07:53:04,447 - src.data_collectors.clinicaltrials_gov - INFO - Collected 30 valid records, Total: 2066
2025-09-01 07:53:05,514 - src.data_collectors.clinicaltrials_gov - INFO - Collected 36 valid records, Total: 2102
2025-09-01 07:53:06,580 - src.data_collectors.clinicaltrials_gov - INFO - Collected 44 valid records, Total: 2146
2025-09-01 07:53:07,647 - src.data_collectors.clinicaltrials_gov - INFO - Collected 41 valid records, Total: 2187
